# configure exec: ./configure --prefix=/workspace/node-kafka/node_modules/node-rdkafka/build/deps --libdir=/workspace/node-kafka/node_modules/node-rdkafka/build/deps --prefix=/workspace/node-kafka/node_modules/node-rdkafka/build/deps --libdir=/workspace/node-kafka/node_modules/node-rdkafka/build/deps
# On Fri 01 Jul 2022 11:45:54 AM UTC
DBG 1012: Setting distro (distro) status to ok (action ignore)
DBG 1012: ccenv: WITH_CC:  --version failed: mklove/modules/configure.base: line 1798: --version: command not found
DBG 1012: Setting ccenv (ccenv) status to failed (action cont)
DBG 1012: Check ccenv (WITH_CC, action cont (originally cont)) failed: command ' --version' failed:
mklove/modules/configure.base: line 1798: --version: command not found
DBG 1012: Setting gcc (gcc) status to ok (action cont)
DBG 1012: cxxenv: WITH_CXX:  --version failed: mklove/modules/configure.base: line 1798: --version: command not found
DBG 1012: Setting cxxenv (cxxenv) status to failed (action cont)
DBG 1012: Check cxxenv (WITH_CXX, action cont (originally cont)) failed: command ' --version' failed:
mklove/modules/configure.base: line 1798: --version: command not found
DBG 1012: Setting gxx (gxx) status to ok (action cont)
DBG 1012: Setting ld (ld) status to ok (action disable)
DBG 1012: Setting nm (nm) status to ok (action disable)
DBG 1012: Setting objdump (objdump) status to ok (action disable)
DBG 1012: Setting strip (strip) status to ok (action disable)
DBG 1012: libtool: : libtool is not executable: 
DBG 1012: Setting libtool (libtool) status to failed (action disable)
DBG 1012: Check libtool (, action disable (originally disable)) failed: libtool is not executable
DBG 1012: Setting ranlib (ranlib) status to ok (action disable)
DBG 1012: Setting pkgconfig (pkgconfig) status to ok (action cont)
DBG 1012: Setting install (install) status to ok (action cont)
DBG 1012: Setting gnuar (gnuar) status to ok (action disable)
DBG 1012: Compile check PIC (HAVE_PIC) (sub=0): gcc  -g -O2 -Wall -Werror _mkltmp3KI2TF.c -o _mkltmp3KI2TF.c.o  -L/workspace/node-kafka/node_modules/node-rdkafka/build/deps -fPIC
DBG 1012: Setting PIC (PIC) status to ok (action disable)
DBG 1012: Compile check gnulib (WITH_GNULD) (sub=0): gcc  -g -O2 -fPIC -Wall -Werror _mkltmp9223t9.c -o _mkltmp9223t9.c.o  -L/workspace/node-kafka/node_modules/node-rdkafka/build/deps -shared -Wl,-soname,mkltest.0
DBG 1012: Setting gnulib (gnulib) status to ok (action cont)
DBG 1012: Compile check ldsflagvs () (sub=0): gcc  -g -O2 -fPIC -Wall -Werror _mkltmpkGjy6C.c -o _mkltmpkGjy6C.c.o  -L/workspace/node-kafka/node_modules/node-rdkafka/build/deps -shared -Wl,--version-script=_mkltmp48X2Bf
DBG 1012: Setting ldsflagvs (ldsflagvs) status to ok (action cont)
DBG 1012: Compile check __atomic_32 (HAVE_ATOMICS_32) (sub=0): gcc  -g -O2 -fPIC -Wall -Werror _mkltmpbMWHyS.c -o _mkltmpbMWHyS.c.o  -L/workspace/node-kafka/node_modules/node-rdkafka/build/deps 
DBG 1012: Setting __atomic_32 (__atomic_32) status to ok (action cont)
DBG 1012: Compile check __atomic_64 (HAVE_ATOMICS_64) (sub=0): gcc  -g -O2 -fPIC -Wall -Werror _mkltmpOscPNJ.c -o _mkltmpOscPNJ.c.o  -L/workspace/node-kafka/node_modules/node-rdkafka/build/deps 
DBG 1012: Setting __atomic_64 (__atomic_64) status to ok (action cont)
DBG 1012: Compile check socket () (sub=0): gcc  -g -O2 -fPIC -Wall -Wsign-compare -Wfloat-equal -Wpointer-arith -Wcast-align -Wall -Werror _mkltmpOMNgr2.c -o _mkltmpOMNgr2.c.o  -L/workspace/node-kafka/node_modules/node-rdkafka/build/deps 
DBG 1012: Setting socket (socket) status to ok (action cont)
DBG 1012: Setting parseversion (parseversion) status to ok (action cont)
DBG 1012: pkg-config check librt for CFLAGS (): pkg-config --short-errors --cflags librt
DBG 1012: 'pkg-config --short-errors --cflags librt' failed: No package 'librt' found
DBG 1012: Setting librt_PKGCONFIG (librt_PKGCONFIG) status to failed (action cont)
DBG 1012: Check librt_PKGCONFIG (, action cont (originally cont)) failed: 'pkg-config --short-errors --cflags librt' failed:
No package 'librt' found
DBG 1012: librt: Check for static library (libs -lrt, arfile variable STATIC_LIB_librt=, static filenames )
DBG 1012: Compile check librt () (sub=0): gcc  -g -O2 -fPIC -Wall -Wsign-compare -Wfloat-equal -Wpointer-arith -Wcast-align -Wall -Werror _mkltmpQFTP4a.c -o _mkltmpQFTP4a.c.o  -L/workspace/node-kafka/node_modules/node-rdkafka/build/deps -lrt
DBG 1012: Setting librt (librt) status to ok (action cont)
DBG 1012: librt: from lib_check: LIBS: prepend -lrt
DBG 1012: pkg-config check libpthread for CFLAGS (): pkg-config --short-errors --cflags libpthread
DBG 1012: 'pkg-config --short-errors --cflags libpthread' failed: No package 'libpthread' found
DBG 1012: Setting libpthread_PKGCONFIG (libpthread_PKGCONFIG) status to failed (action cont)
DBG 1012: Check libpthread_PKGCONFIG (, action cont (originally cont)) failed: 'pkg-config --short-errors --cflags libpthread' failed:
No package 'libpthread' found
DBG 1012: libpthread: Check for static library (libs -lpthread, arfile variable STATIC_LIB_libpthread=, static filenames )
DBG 1012: Compile check libpthread () (sub=0): gcc  -g -O2 -fPIC -Wall -Wsign-compare -Wfloat-equal -Wpointer-arith -Wcast-align -Wall -Werror _mkltmpkNj2f9.c -o _mkltmpkNj2f9.c.o  -L/workspace/node-kafka/node_modules/node-rdkafka/build/deps -lpthread
DBG 1012: Setting libpthread (libpthread) status to ok (action fail)
DBG 1012: libpthread: from lib_check: LIBS: prepend -lpthread
DBG 1012: pkg-config check c11threads for CFLAGS (WITH_C11THREADS): pkg-config --short-errors --cflags c11threads
DBG 1012: 'pkg-config --short-errors --cflags c11threads' failed: No package 'c11threads' found
DBG 1012: Setting c11threads_PKGCONFIG (c11threads_PKGCONFIG) status to failed (action cont)
DBG 1012: Check c11threads_PKGCONFIG (, action cont (originally cont)) failed: 'pkg-config --short-errors --cflags c11threads' failed:
No package 'c11threads' found
DBG 1012: c11threads: Check for static library (libs -lpthread -lrt, arfile variable STATIC_LIB_c11threads=, static filenames )
DBG 1012: Compile check c11threads (WITH_C11THREADS) (sub=0): gcc  -g -O2 -fPIC -Wall -Wsign-compare -Wfloat-equal -Wpointer-arith -Wcast-align -Wall -Werror _mkltmp5ysS4C.c -o _mkltmp5ysS4C.c.o  -L/workspace/node-kafka/node_modules/node-rdkafka/build/deps -lpthread -lrt
DBG 1012: Setting c11threads (c11threads) status to ok (action disable)
DBG 1012: c11threads: from lib_check: LIBS: prepend -lpthread -lrt
DBG 1012: pkg-config check libdl for CFLAGS (WITH_LIBDL): pkg-config --short-errors --cflags libdl
DBG 1012: 'pkg-config --short-errors --cflags libdl' failed: No package 'libdl' found
DBG 1012: Setting libdl_PKGCONFIG (libdl_PKGCONFIG) status to failed (action cont)
DBG 1012: Check libdl_PKGCONFIG (, action cont (originally cont)) failed: 'pkg-config --short-errors --cflags libdl' failed:
No package 'libdl' found
DBG 1012: libdl: Check for static library (libs -ldl, arfile variable STATIC_LIB_libdl=, static filenames )
DBG 1012: Compile check libdl (WITH_LIBDL) (sub=0): gcc  -g -O2 -fPIC -Wall -Wsign-compare -Wfloat-equal -Wpointer-arith -Wcast-align -Wall -Werror _mkltmpP8JUjm.c -o _mkltmpP8JUjm.c.o  -L/workspace/node-kafka/node_modules/node-rdkafka/build/deps -ldl
DBG 1012: Setting libdl (libdl) status to ok (action disable)
DBG 1012: libdl: from lib_check: LIBS: prepend -ldl
DBG 1012: pkg-config check zlib for CFLAGS (WITH_ZLIB): pkg-config --short-errors --cflags zlib
DBG 1012: pkg-config check zlib for LIBS (WITH_ZLIB): pkg-config --short-errors --libs zlib
DBG 1012: zlib: from pkg-config: CFLAGS '', LIBS '-ldl -lpthread -lrt -lpthread -lrt'
DBG 1012: zlib: performing compile check using pkg-config info
DBG 1012: Compile check zlib (WITH_ZLIB) (sub=1): gcc  -g -O2 -fPIC -Wall -Wsign-compare -Wfloat-equal -Wpointer-arith -Wcast-align -Wall -Werror _mkltmp5mV0ql.c -o _mkltmp5mV0ql.c.o  -L/workspace/node-kafka/node_modules/node-rdkafka/build/deps  -lz
DBG 1012: zlib: Check for static library (libs -lz, arfile variable STATIC_LIB_zlib=, static filenames libz.a)
DBG 1012: zlib: from pkg-config: LIBS: prepend -lz
DBG 1012: Setting zlib (zlib) status to ok (action cont)
DBG 1012: pkg-config check libcrypto for CFLAGS (): pkg-config --short-errors --cflags libcrypto
DBG 1012: pkg-config check libcrypto for LIBS (): pkg-config --short-errors --libs libcrypto
DBG 1012: libcrypto: from pkg-config: CFLAGS '', LIBS '-lz -ldl -lpthread -lrt -lpthread -lrt'
DBG 1012: libcrypto: performing compile check using pkg-config info
DBG 1012: Compile check libcrypto () (sub=1): gcc  -g -O2 -fPIC -Wall -Wsign-compare -Wfloat-equal -Wpointer-arith -Wcast-align -Wall -Werror _mkltmpiSwQR7.c -o _mkltmpiSwQR7.c.o  -L/workspace/node-kafka/node_modules/node-rdkafka/build/deps  -lcrypto
DBG 1012: libcrypto: Check for static library (libs -lcrypto, arfile variable STATIC_LIB_libcrypto=, static filenames libcrypto.a)
DBG 1012: libcrypto: from pkg-config: LIBS: prepend -lcrypto
DBG 1012: Setting libcrypto (libcrypto) status to ok (action cont)
DBG 1012: pkg-config check libssl for CFLAGS (WITH_SSL): pkg-config --short-errors --cflags libssl
DBG 1012: pkg-config check libssl for LIBS (WITH_SSL): pkg-config --short-errors --libs libssl
DBG 1012: libssl: from pkg-config: CFLAGS '', LIBS '-lcrypto -lz -ldl -lpthread -lrt -lpthread -lrt'
DBG 1012: libssl: performing compile check using pkg-config info
DBG 1012: Compile check libssl (WITH_SSL) (sub=1): gcc  -g -O2 -fPIC -Wall -Wsign-compare -Wfloat-equal -Wpointer-arith -Wcast-align -Wall -Werror _mkltmpxp9eQ4.c -o _mkltmpxp9eQ4.c.o  -L/workspace/node-kafka/node_modules/node-rdkafka/build/deps  -lssl
DBG 1012: libssl: Check for static library (libs -lssl, arfile variable STATIC_LIB_libssl=, static filenames libssl.a)
DBG 1012: libssl: from pkg-config: LIBS: prepend -lssl
DBG 1012: Setting libssl (libssl) status to ok (action cont)
DBG 1012: pkg-config check libsasl2 for CFLAGS (WITH_SASL_CYRUS): pkg-config --short-errors --cflags libsasl2
DBG 1012: 'pkg-config --short-errors --cflags libsasl2' failed: No package 'libsasl2' found
DBG 1012: Setting libsasl2_PKGCONFIG (libsasl2_PKGCONFIG) status to failed (action cont)
DBG 1012: Check libsasl2_PKGCONFIG (, action cont (originally cont)) failed: 'pkg-config --short-errors --cflags libsasl2' failed:
No package 'libsasl2' found
DBG 1012: libsasl2: Check for static library (libs -lsasl2, arfile variable STATIC_LIB_libsasl2=, static filenames )
DBG 1012: Compile check libsasl2 (WITH_SASL_CYRUS) (sub=0): gcc  -g -O2 -fPIC -Wall -Wsign-compare -Wfloat-equal -Wpointer-arith -Wcast-align -Wall -Werror _mkltmpKgqfn9.c -o _mkltmpKgqfn9.c.o  -L/workspace/node-kafka/node_modules/node-rdkafka/build/deps -lsasl2
DBG 1012: compile check for libsasl2 (WITH_SASL_CYRUS) failed: gcc  -g -O2 -fPIC -Wall -Wsign-compare -Wfloat-equal -Wpointer-arith -Wcast-align -Wall -Werror _mkltmpKgqfn9.c -o _mkltmpKgqfn9.c.o  -L/workspace/node-kafka/node_modules/node-rdkafka/build/deps -lsasl2: _mkltmpKgqfn9.c:3:10: fatal error: sasl/sasl.h: No such file or directory
    3 | #include <sasl/sasl.h>
      |          ^~~~~~~~~~~~~
compilation terminated.
DBG 1012: Setting libsasl2 (libsasl2) status to failed (action disable)
DBG 1012: Check libsasl2 (WITH_SASL_CYRUS, action disable (originally disable)) failed: compile check failed:
CC: CC
flags: -lsasl2
gcc  -g -O2 -fPIC -Wall -Wsign-compare -Wfloat-equal -Wpointer-arith -Wcast-align -Wall -Werror _mkltmpKgqfn9.c -o _mkltmpKgqfn9.c.o  -L/workspace/node-kafka/node_modules/node-rdkafka/build/deps -lsasl2:
_mkltmpKgqfn9.c:3:10: fatal error: sasl/sasl.h: No such file or directory
    3 | #include <sasl/sasl.h>
      |          ^~~~~~~~~~~~~
compilation terminated.
source: 
#include <stddef.h>
#include <sasl/sasl.h>

DBG 1012: pkg-config check libsasl for CFLAGS (WITH_SASL_CYRUS): pkg-config --short-errors --cflags libsasl
DBG 1012: 'pkg-config --short-errors --cflags libsasl' failed: No package 'libsasl' found
DBG 1012: Setting libsasl_PKGCONFIG (libsasl_PKGCONFIG) status to failed (action cont)
DBG 1012: Check libsasl_PKGCONFIG (, action cont (originally cont)) failed: 'pkg-config --short-errors --cflags libsasl' failed:
No package 'libsasl' found
DBG 1012: libsasl: Check for static library (libs -lsasl, arfile variable STATIC_LIB_libsasl=, static filenames )
DBG 1012: Compile check libsasl (WITH_SASL_CYRUS) (sub=0): gcc  -g -O2 -fPIC -Wall -Wsign-compare -Wfloat-equal -Wpointer-arith -Wcast-align -Wall -Werror _mkltmppNPX2t.c -o _mkltmppNPX2t.c.o  -L/workspace/node-kafka/node_modules/node-rdkafka/build/deps -lsasl
DBG 1012: compile check for libsasl (WITH_SASL_CYRUS) failed: gcc  -g -O2 -fPIC -Wall -Wsign-compare -Wfloat-equal -Wpointer-arith -Wcast-align -Wall -Werror _mkltmppNPX2t.c -o _mkltmppNPX2t.c.o  -L/workspace/node-kafka/node_modules/node-rdkafka/build/deps -lsasl: _mkltmppNPX2t.c:3:10: fatal error: sasl/sasl.h: No such file or directory
    3 | #include <sasl/sasl.h>
      |          ^~~~~~~~~~~~~
compilation terminated.
DBG 1012: Setting libsasl (libsasl) status to failed (action disable)
DBG 1012: Check libsasl (WITH_SASL_CYRUS, action disable (originally disable)) failed: compile check failed:
CC: CC
flags: -lsasl
gcc  -g -O2 -fPIC -Wall -Wsign-compare -Wfloat-equal -Wpointer-arith -Wcast-align -Wall -Werror _mkltmppNPX2t.c -o _mkltmppNPX2t.c.o  -L/workspace/node-kafka/node_modules/node-rdkafka/build/deps -lsasl:
_mkltmppNPX2t.c:3:10: fatal error: sasl/sasl.h: No such file or directory
    3 | #include <sasl/sasl.h>
      |          ^~~~~~~~~~~~~
compilation terminated.
source: 
#include <stddef.h>
#include <sasl/sasl.h>

DBG 1012: pkg-config check libzstd for CFLAGS (WITH_ZSTD): pkg-config --short-errors --cflags libzstd
DBG 1012: 'pkg-config --short-errors --cflags libzstd' failed: No package 'libzstd' found
DBG 1012: Setting libzstd_PKGCONFIG (libzstd_PKGCONFIG) status to failed (action cont)
DBG 1012: Check libzstd_PKGCONFIG (, action cont (originally cont)) failed: 'pkg-config --short-errors --cflags libzstd' failed:
No package 'libzstd' found
DBG 1012: libzstd: Check for static library (libs -lzstd, arfile variable STATIC_LIB_libzstd=, static filenames libzstd.a)
DBG 1012: Compile check libzstd (WITH_ZSTD) (sub=0): gcc  -g -O2 -fPIC -Wall -Wsign-compare -Wfloat-equal -Wpointer-arith -Wcast-align -Wall -Werror _mkltmpgEh2DK.c -o _mkltmpgEh2DK.c.o  -L/workspace/node-kafka/node_modules/node-rdkafka/build/deps -lzstd
DBG 1012: compile check for libzstd (WITH_ZSTD) failed: gcc  -g -O2 -fPIC -Wall -Wsign-compare -Wfloat-equal -Wpointer-arith -Wcast-align -Wall -Werror _mkltmpgEh2DK.c -o _mkltmpgEh2DK.c.o  -L/workspace/node-kafka/node_modules/node-rdkafka/build/deps -lzstd: _mkltmpgEh2DK.c:2:10: fatal error: zstd.h: No such file or directory
    2 | #include <zstd.h>
      |          ^~~~~~~~
compilation terminated.
DBG 1012: Setting libzstd (libzstd) status to failed (action disable)
DBG 1012: Check libzstd (WITH_ZSTD, action disable (originally disable)) failed: compile check failed:
CC: CC
flags: -lzstd
gcc  -g -O2 -fPIC -Wall -Wsign-compare -Wfloat-equal -Wpointer-arith -Wcast-align -Wall -Werror _mkltmpgEh2DK.c -o _mkltmpgEh2DK.c.o  -L/workspace/node-kafka/node_modules/node-rdkafka/build/deps -lzstd:
_mkltmpgEh2DK.c:2:10: fatal error: zstd.h: No such file or directory
    2 | #include <zstd.h>
      |          ^~~~~~~~
compilation terminated.
source: 
#include <zstd.h>
#include <zstd_errors.h>

void foo (void) {
     ZSTD_getFrameContentSize(NULL, 0);
}

DBG 1012: pkg-config check libm for CFLAGS (): pkg-config --short-errors --cflags libm
DBG 1012: 'pkg-config --short-errors --cflags libm' failed: No package 'libm' found
DBG 1012: Setting libm_PKGCONFIG (libm_PKGCONFIG) status to failed (action cont)
DBG 1012: Check libm_PKGCONFIG (, action cont (originally cont)) failed: 'pkg-config --short-errors --cflags libm' failed:
No package 'libm' found
DBG 1012: libm: Check for static library (libs -lm, arfile variable STATIC_LIB_libm=, static filenames )
DBG 1012: Compile check libm () (sub=0): gcc  -g -O2 -fPIC -Wall -Wsign-compare -Wfloat-equal -Wpointer-arith -Wcast-align -Wall -Werror _mkltmps7Mufi.c -o _mkltmps7Mufi.c.o  -L/workspace/node-kafka/node_modules/node-rdkafka/build/deps -lm
DBG 1012: Setting libm (libm) status to ok (action disable)
DBG 1012: libm: from lib_check: LIBS: prepend -lm
DBG 1012: pkg-config check liblz4 for CFLAGS (WITH_LZ4_EXT): pkg-config --short-errors --cflags liblz4
DBG 1012: 'pkg-config --short-errors --cflags liblz4' failed: No package 'liblz4' found
DBG 1012: Setting liblz4_PKGCONFIG (liblz4_PKGCONFIG) status to failed (action cont)
DBG 1012: Check liblz4_PKGCONFIG (, action cont (originally cont)) failed: 'pkg-config --short-errors --cflags liblz4' failed:
No package 'liblz4' found
DBG 1012: liblz4: Check for static library (libs -llz4, arfile variable STATIC_LIB_liblz4=, static filenames liblz4.a)
DBG 1012: Compile check liblz4 (WITH_LZ4_EXT) (sub=0): gcc  -g -O2 -fPIC -Wall -Wsign-compare -Wfloat-equal -Wpointer-arith -Wcast-align -Wall -Werror _mkltmpjpYPb0.c -o _mkltmpjpYPb0.c.o  -L/workspace/node-kafka/node_modules/node-rdkafka/build/deps -llz4
DBG 1012: compile check for liblz4 (WITH_LZ4_EXT) failed: gcc  -g -O2 -fPIC -Wall -Wsign-compare -Wfloat-equal -Wpointer-arith -Wcast-align -Wall -Werror _mkltmpjpYPb0.c -o _mkltmpjpYPb0.c.o  -L/workspace/node-kafka/node_modules/node-rdkafka/build/deps -llz4: _mkltmpjpYPb0.c:1:10: fatal error: lz4frame.h: No such file or directory
    1 | #include <lz4frame.h>
      |          ^~~~~~~~~~~~
compilation terminated.
DBG 1012: Setting liblz4 (liblz4) status to failed (action disable)
DBG 1012: Check liblz4 (WITH_LZ4_EXT, action disable (originally disable)) failed: compile check failed:
CC: CC
flags: -llz4
gcc  -g -O2 -fPIC -Wall -Wsign-compare -Wfloat-equal -Wpointer-arith -Wcast-align -Wall -Werror _mkltmpjpYPb0.c -o _mkltmpjpYPb0.c.o  -L/workspace/node-kafka/node_modules/node-rdkafka/build/deps -llz4:
_mkltmpjpYPb0.c:1:10: fatal error: lz4frame.h: No such file or directory
    1 | #include <lz4frame.h>
      |          ^~~~~~~~~~~~
compilation terminated.
source: #include <lz4frame.h>
DBG 1012: Compile check syslog (WITH_SYSLOG) (sub=0): gcc  -g -O2 -fPIC -Wall -Wsign-compare -Wfloat-equal -Wpointer-arith -Wcast-align -Wall -Werror _mkltmpXTQ4FA.c -o _mkltmpXTQ4FA.c.o  -L/workspace/node-kafka/node_modules/node-rdkafka/build/deps 
DBG 1012: Setting syslog (syslog) status to ok (action disable)
DBG 1012: Compile check rapidjson (WITH_RAPIDJSON) (sub=0): g++  -g -O2 -fPIC -Wall -Wsign-compare -Wfloat-equal -Wpointer-arith -Wcast-align -Wall -Werror _mkltmpgm5DSI.cpp -o _mkltmpgm5DSI.cpp.o  -L/workspace/node-kafka/node_modules/node-rdkafka/build/deps 
DBG 1012: compile check for rapidjson (WITH_RAPIDJSON) failed: g++  -g -O2 -fPIC -Wall -Wsign-compare -Wfloat-equal -Wpointer-arith -Wcast-align -Wall -Werror _mkltmpgm5DSI.cpp -o _mkltmpgm5DSI.cpp.o  -L/workspace/node-kafka/node_modules/node-rdkafka/build/deps : _mkltmpgm5DSI.cpp:1:10: fatal error: rapidjson/schema.h: No such file or directory
    1 | #include <rapidjson/schema.h>
      |          ^~~~~~~~~~~~~~~~~~~~
compilation terminated.
DBG 1012: Setting rapidjson (rapidjson) status to failed (action disable)
DBG 1012: Check rapidjson (WITH_RAPIDJSON, action disable (originally disable)) failed: compile check failed:
CC: CXX
flags: 
g++  -g -O2 -fPIC -Wall -Wsign-compare -Wfloat-equal -Wpointer-arith -Wcast-align -Wall -Werror _mkltmpgm5DSI.cpp -o _mkltmpgm5DSI.cpp.o  -L/workspace/node-kafka/node_modules/node-rdkafka/build/deps :
_mkltmpgm5DSI.cpp:1:10: fatal error: rapidjson/schema.h: No such file or directory
    1 | #include <rapidjson/schema.h>
      |          ^~~~~~~~~~~~~~~~~~~~
compilation terminated.
source: #include <rapidjson/schema.h>
DBG 1012: Compile check crc32chw (WITH_CRC32C_HW) (sub=0): gcc  -g -O2 -fPIC -Wall -Wsign-compare -Wfloat-equal -Wpointer-arith -Wcast-align -Wall -Werror _mkltmpueENrq.c -o _mkltmpueENrq.c.o  -L/workspace/node-kafka/node_modules/node-rdkafka/build/deps 
DBG 1012: Setting crc32chw (crc32chw) status to ok (action disable)
DBG 1012: Compile check regex (HAVE_REGEX) (sub=0): gcc  -g -O2 -fPIC -Wall -Wsign-compare -Wfloat-equal -Wpointer-arith -Wcast-align -Wall -Werror _mkltmpUb8DUq.c -o _mkltmpUb8DUq.c.o  -L/workspace/node-kafka/node_modules/node-rdkafka/build/deps 
DBG 1012: Setting regex (regex) status to ok (action disable)
DBG 1012: Compile check rand_r (HAVE_RAND_R) (sub=0): gcc  -g -O2 -fPIC -Wall -Wsign-compare -Wfloat-equal -Wpointer-arith -Wcast-align -Wall -Werror _mkltmpYU92UU.c -o _mkltmpYU92UU.c.o  -L/workspace/node-kafka/node_modules/node-rdkafka/build/deps 
DBG 1012: Setting rand_r (rand_r) status to ok (action disable)
DBG 1012: Compile check strndup (HAVE_STRNDUP) (sub=0): gcc  -g -O2 -fPIC -Wall -Wsign-compare -Wfloat-equal -Wpointer-arith -Wcast-align -Wall -Werror _mkltmp9i2IIm.c -o _mkltmp9i2IIm.c.o  -L/workspace/node-kafka/node_modules/node-rdkafka/build/deps 
DBG 1012: Setting strndup (strndup) status to ok (action disable)
DBG 1012: Compile check strlcpy (HAVE_STRLCPY) (sub=0): gcc  -g -O2 -fPIC -Wall -Wsign-compare -Wfloat-equal -Wpointer-arith -Wcast-align -Wall -Werror _mkltmpYsB1RK.c -o _mkltmpYsB1RK.c.o  -L/workspace/node-kafka/node_modules/node-rdkafka/build/deps 
DBG 1012: compile check for strlcpy (HAVE_STRLCPY) failed: gcc  -g -O2 -fPIC -Wall -Wsign-compare -Wfloat-equal -Wpointer-arith -Wcast-align -Wall -Werror _mkltmpYsB1RK.c -o _mkltmpYsB1RK.c.o  -L/workspace/node-kafka/node_modules/node-rdkafka/build/deps : _mkltmpYsB1RK.c: In function ‘foo’:
_mkltmpYsB1RK.c:6:11: error: implicit declaration of function ‘strlcpy’; did you mean ‘strncpy’? [-Werror=implicit-function-declaration]
    6 |    return strlcpy(dest, "something", sizeof(dest));
      |           ^~~~~~~
      |           strncpy
cc1: all warnings being treated as errors
DBG 1012: Setting strlcpy (strlcpy) status to failed (action disable)
DBG 1012: Check strlcpy (HAVE_STRLCPY, action disable (originally disable)) failed: compile check failed:
CC: CC
flags: 
gcc  -g -O2 -fPIC -Wall -Wsign-compare -Wfloat-equal -Wpointer-arith -Wcast-align -Wall -Werror _mkltmpYsB1RK.c -o _mkltmpYsB1RK.c.o  -L/workspace/node-kafka/node_modules/node-rdkafka/build/deps :
_mkltmpYsB1RK.c: In function ‘foo’:
_mkltmpYsB1RK.c:6:11: error: implicit declaration of function ‘strlcpy’; did you mean ‘strncpy’? [-Werror=implicit-function-declaration]
    6 |    return strlcpy(dest, "something", sizeof(dest));
      |           ^~~~~~~
      |           strncpy
cc1: all warnings being treated as errors
source: 
#define _DARWIN_C_SOURCE
#include <string.h>
int foo (void) {
    char dest[4];
   return strlcpy(dest, "something", sizeof(dest));
}
DBG 1012: Compile check strerror_r (HAVE_STRERROR_R) (sub=0): gcc  -g -O2 -fPIC -Wall -Wsign-compare -Wfloat-equal -Wpointer-arith -Wcast-align -Wall -Werror _mkltmpXTU3J2.c -o _mkltmpXTU3J2.c.o  -L/workspace/node-kafka/node_modules/node-rdkafka/build/deps 
DBG 1012: Setting strerror_r (strerror_r) status to ok (action disable)
DBG 1012: Compile check strcasestr (HAVE_STRCASESTR) (sub=0): gcc  -g -O2 -fPIC -Wall -Wsign-compare -Wfloat-equal -Wpointer-arith -Wcast-align -Wall -Werror _mkltmp4wriJy.c -o _mkltmp4wriJy.c.o  -L/workspace/node-kafka/node_modules/node-rdkafka/build/deps 
DBG 1012: Setting strcasestr (strcasestr) status to ok (action disable)
DBG 1012: Compile check pthread_setname_gnu (HAVE_PTHREAD_SETNAME_GNU) (sub=0): gcc  -g -O2 -fPIC -Wall -Wsign-compare -Wfloat-equal -Wpointer-arith -Wcast-align -Wall -Werror _mkltmpMHtyxS.c -o _mkltmpMHtyxS.c.o  -L/workspace/node-kafka/node_modules/node-rdkafka/build/deps -D_GNU_SOURCE -lpthread
DBG 1012: Setting pthread_setname_gnu (pthread_setname_gnu) status to ok (action disable)
DBG 1012: Setting nm (nm) status to ok (action cont)
DBG 1012: Setting python3 (python3) status to ok (action disable)
DBG 1012: Compile check getrusage (HAVE_GETRUSAGE) (sub=0): gcc  -g -O2 -fPIC -Wall -Wsign-compare -Wfloat-equal -Wpointer-arith -Wcast-align -Wall -Werror _mkltmpjmVp4R.c -o _mkltmpjmVp4R.c.o  -L/workspace/node-kafka/node_modules/node-rdkafka/build/deps 
DBG 1012: Setting getrusage (getrusage) status to ok (action disable)
